CryptoPay/app/build/outputs/logs/manifest-merger-debug-report.txt
-- Merging decision tree log ---
manifest
ADDED from src/main/AndroidManifest.xml:2:1-106:12
INJECTED from src/main/AndroidManifest.xml:2:1-106:12
INJECTED from src/main/AndroidManifest.xml:2:1-106:12
INJECTED from src/main/AndroidManifest.xml:2:1-106:12
MERGED from [com.github.evotor:integration-library:v0.4.10] AndroidManifest.xml:2:1-17:12
MERGED from [com.android.support:design:25.3.1] AndroidManifest.xml:17:1-31:12
MERGED from [com.android.support:appcompat-v7:25.3.1] AndroidManifest.xml:17:1-31:12
MERGED from [com.android.support.constraint:constraint-layout:1.0.2] AndroidManifest.xml:2:1-11:12
MERGED from [com.android.volley:volley:1.0.0] AndroidManifest.xml:2:1-11:12
MERGED from [com.journeyapps:zxing-android-embedded:3.2.0] AndroidManifest.xml:17:1-55:12
MERGED from [com.android.support:animated-vector-drawable:25.3.1] AndroidManifest.xml:17:1-28:12
MERGED from [com.android.support:support-vector-drawable:25.3.1] AndroidManifest.xml:17:1-28:12
MERGED from [com.android.support:recyclerview-v7:25.3.1] AndroidManifest.xml:17:1-26:12
MERGED from [com.android.support:transition:25.3.1] AndroidManifest.xml:17:1-28:12
MERGED from [com.android.support:support-v4:25.3.1] AndroidManifest.xml:17:1-31:12
MERGED from [com.android.support:support-fragment:25.3.1] AndroidManifest.xml:17:1-31:12
MERGED from [com.android.support:support-media-compat:25.3.1] AndroidManifest.xml:17:1-31:12
MERGED from [com.android.support:support-core-utils:25.3.1] AndroidManifest.xml:17:1-31:12
MERGED from [com.android.support:support-core-ui:25.3.1] AndroidManifest.xml:17:1-31:12
MERGED from [com.android.support:support-compat:25.3.1] AndroidManifest.xml:17:1-31:12
INJECTED from src/main/AndroidManifest.xml:2:1-106:12
INJECTED from src/main/AndroidManifest.xml:2:1-106:12
INJECTED from src/main/AndroidManifest.xml:2:1-106:12
	package
		ADDED from src/main/AndroidManifest.xml:3:5-45
		INJECTED from src/main/AndroidManifest.xml
		INJECTED from src/main/AndroidManifest.xml
	android:versionName
		INJECTED from src/main/AndroidManifest.xml
		ADDED from src/main/AndroidManifest.xml:2:1-106:12
		INJECTED from src/main/AndroidManifest.xml
	android:versionCode
		INJECTED from src/main/AndroidManifest.xml
		ADDED from src/main/AndroidManifest.xml:2:1-106:12
		INJECTED from src/main/AndroidManifest.xml
	xmlns:android
		ADDED from src/main/AndroidManifest.xml:2:11-69
uses-permission#ru.evotor.devices.SCANNER_RECEIVER
ADDED from src/main/AndroidManifest.xml:6:5-74
	android:name
		ADDED from src/main/AndroidManifest.xml:6:22-71
uses-permission#ru.evotor.permission.receipt.printExtra.SET
ADDED from src/main/AndroidManifest.xml:8:5-83
	android:name
		ADDED from src/main/AndroidManifest.xml:8:22-80
uses-permission#ru.evotor.permission.receipt.print.INTERNET_RECEIPT
ADDED from src/main/AndroidManifest.xml:10:5-91
	android:name
		ADDED from src/main/AndroidManifest.xml:10:22-88
uses-permission#android.permission.INTERNET
ADDED from src/main/AndroidManifest.xml:11:5-67
	android:name
		ADDED from src/main/AndroidManifest.xml:11:22-64
uses-permission#ru.evotor.permission.PAYMENT_SYSTEM
ADDED from src/main/AndroidManifest.xml:13:5-75
	android:name
		ADDED from src/main/AndroidManifest.xml:13:22-72
application
ADDED from src/main/AndroidManifest.xml:15:5-104:19
MERGED from [com.github.evotor:integration-library:v0.4.10] AndroidManifest.xml:11:5-15:19
MERGED from [com.github.evotor:integration-library:v0.4.10] AndroidManifest.xml:11:5-15:19
MERGED from [com.android.support:design:25.3.1] AndroidManifest.xml:29:5-20
MERGED from [com.android.support:design:25.3.1] AndroidManifest.xml:29:5-20
MERGED from [com.android.support:appcompat-v7:25.3.1] AndroidManifest.xml:29:5-20
MERGED from [com.android.support:appcompat-v7:25.3.1] AndroidManifest.xml:29:5-20
MERGED from [com.android.support.constraint:constraint-layout:1.0.2] AndroidManifest.xml:9:5-20
MERGED from [com.android.support.constraint:constraint-layout:1.0.2] AndroidManifest.xml:9:5-20
MERGED from [com.android.volley:volley:1.0.0] AndroidManifest.xml:9:5-20
MERGED from [com.android.volley:volley:1.0.0] AndroidManifest.xml:9:5-20
MERGED from [com.journeyapps:zxing-android-embedded:3.2.0] AndroidManifest.xml:45:5-53:19
MERGED from [com.journeyapps:zxing-android-embedded:3.2.0] AndroidManifest.xml:45:5-53:19
MERGED from [com.android.support:animated-vector-drawable:25.3.1] AndroidManifest.xml:26:5-20
MERGED from [com.android.support:animated-vector-drawable:25.3.1] AndroidManifest.xml:26:5-20
MERGED from [com.android.support:support-vector-drawable:25.3.1] AndroidManifest.xml:26:5-20
MERGED from [com.android.support:support-vector-drawable:25.3.1] AndroidManifest.xml:26:5-20
MERGED from [com.android.support:transition:25.3.1] AndroidManifest.xml:26:5-20
MERGED from [com.android.support:transition:25.3.1] AndroidManifest.xml:26:5-20
MERGED from [com.android.support:support-v4:25.3.1] AndroidManifest.xml:29:5-20
MERGED from [com.android.support:support-v4:25.3.1] AndroidManifest.xml:29:5-20
MERGED from [com.android.support:support-fragment:25.3.1] AndroidManifest.xml:29:5-20
MERGED from [com.android.support:support-fragment:25.3.1] AndroidManifest.xml:29:5-20
MERGED from [com.android.support:support-media-compat:25.3.1] AndroidManifest.xml:29:5-20
MERGED from [com.android.support:support-media-compat:25.3.1] AndroidManifest.xml:29:5-20
MERGED from [com.android.support:support-core-utils:25.3.1] AndroidManifest.xml:29:5-20
MERGED from [com.android.support:support-core-utils:25.3.1] AndroidManifest.xml:29:5-20
MERGED from [com.android.support:support-core-ui:25.3.1] AndroidManifest.xml:29:5-20
MERGED from [com.android.support:support-core-ui:25.3.1] AndroidManifest.xml:29:5-20
MERGED from [com.android.support:support-compat:25.3.1] AndroidManifest.xml:29:5-20
MERGED from [com.android.support:support-compat:25.3.1] AndroidManifest.xml:29:5-20
	android:supportsRtl
		ADDED from src/main/AndroidManifest.xml:20:9-35
	android:label
		ADDED from src/main/AndroidManifest.xml:18:9-41
	android:roundIcon
		ADDED from src/main/AndroidManifest.xml:19:9-48
	android:icon
		ADDED from src/main/AndroidManifest.xml:17:9-43
	android:allowBackup
		ADDED from src/main/AndroidManifest.xml:16:9-35
	android:theme
		ADDED from src/main/AndroidManifest.xml:21:9-40
meta-data#app_uuid
ADDED from src/main/AndroidManifest.xml:24:9-26:68
	android:value
		ADDED from src/main/AndroidManifest.xml:26:13-65
	android:name
		ADDED from src/main/AndroidManifest.xml:25:13-36
activity#ru.qualitylab.evotor.cryptopay.MainActivity
ADDED from src/main/AndroidManifest.xml:28:9-51:20
	android:name
		ADDED from src/main/AndroidManifest.xml:28:19-47
meta-data#ru.evotor.launcher.BACKGROUND_COLOR
ADDED from src/main/AndroidManifest.xml:31:13-33:43
	android:value
		ADDED from src/main/AndroidManifest.xml:33:17-40
	android:name
		ADDED from src/main/AndroidManifest.xml:32:17-67
intent-filter#android.intent.category.EVOTOR+android.intent.category.LAUNCHER+ru.evotor.intent.action.SELL_MAIN
ADDED from src/main/AndroidManifest.xml:36:13-41:29
action#ru.evotor.intent.action.SELL_MAIN
ADDED from src/main/AndroidManifest.xml:37:17-76
	android:name
		ADDED from src/main/AndroidManifest.xml:37:25-73
category#android.intent.category.EVOTOR
ADDED from src/main/AndroidManifest.xml:39:17-75
	android:name
		ADDED from src/main/AndroidManifest.xml:39:27-72
category#android.intent.category.LAUNCHER
ADDED from src/main/AndroidManifest.xml:40:17-77
	android:name
		ADDED from src/main/AndroidManifest.xml:40:27-74
activity#ru.qualitylab.evotor.cryptopay.RegisterActivity
ADDED from src/main/AndroidManifest.xml:100:9-54
	android:name
		ADDED from src/main/AndroidManifest.xml:100:19-51
activity#ru.qualitylab.evotor.cryptopay.LoginActivity
ADDED from src/main/AndroidManifest.xml:101:9-51
	android:name
		ADDED from src/main/AndroidManifest.xml:101:19-48
activity#ru.qualitylab.evotor.cryptopay.PaymentActivity
ADDED from src/main/AndroidManifest.xml:102:9-53
	android:name
		ADDED from src/main/AndroidManifest.xml:102:19-50
activity#ru.qualitylab.evotor.cryptopay.CreatePaymentActivity
ADDED from src/main/AndroidManifest.xml:103:9-68
	android:name
		ADDED from src/main/AndroidManifest.xml:103:19-56
uses-sdk
INJECTED from src/main/AndroidManifest.xml reason: use-sdk injection requested
INJECTED from src/main/AndroidManifest.xml
INJECTED from src/main/AndroidManifest.xml
MERGED from [com.github.evotor:integration-library:v0.4.10] AndroidManifest.xml:7:5-9:41
MERGED from [com.github.evotor:integration-library:v0.4.10] AndroidManifest.xml:7:5-9:41
MERGED from [com.android.support:design:25.3.1] AndroidManifest.xml:21:5-23:62
MERGED from [com.android.support:design:25.3.1] AndroidManifest.xml:21:5-23:62
MERGED from [com.android.support:appcompat-v7:25.3.1] AndroidManifest.xml:21:5-23:78
MERGED from [com.android.support:appcompat-v7:25.3.1] AndroidManifest.xml:21:5-23:78
MERGED from [com.android.support.constraint:constraint-layout:1.0.2] AndroidManifest.xml:5:5-7:41
MERGED from [com.android.support.constraint:constraint-layout:1.0.2] AndroidManifest.xml:5:5-7:41
MERGED from [com.android.volley:volley:1.0.0] AndroidManifest.xml:7:5-43
MERGED from [com.android.volley:volley:1.0.0] AndroidManifest.xml:7:5-43
MERGED from [com.journeyapps:zxing-android-embedded:3.2.0] AndroidManifest.xml:19:5-43
MERGED from [com.journeyapps:zxing-android-embedded:3.2.0] AndroidManifest.xml:19:5-43
MERGED from [com.android.support:animated-vector-drawable:25.3.1] AndroidManifest.xml:20:5-44
MERGED from [com.android.support:animated-vector-drawable:25.3.1] AndroidManifest.xml:20:5-44
MERGED from [com.android.support:support-vector-drawable:25.3.1] AndroidManifest.xml:20:5-43
MERGED from [com.android.support:support-vector-drawable:25.3.1] AndroidManifest.xml:20:5-43
MERGED from [com.android.support:recyclerview-v7:25.3.1] AndroidManifest.xml:20:5-43
MERGED from [com.android.support:recyclerview-v7:25.3.1] AndroidManifest.xml:20:5-43
MERGED from [com.android.support:transition:25.3.1] AndroidManifest.xml:20:5-44
MERGED from [com.android.support:transition:25.3.1] AndroidManifest.xml:20:5-44
MERGED from [com.android.support:support-v4:25.3.1] AndroidManifest.xml:21:5-23:54
MERGED from [com.android.support:support-v4:25.3.1] AndroidManifest.xml:21:5-23:54
MERGED from [com.android.support:support-fragment:25.3.1] AndroidManifest.xml:21:5-23:60
MERGED from [com.android.support:support-fragment:25.3.1] AndroidManifest.xml:21:5-23:60
MERGED from [com.android.support:support-media-compat:25.3.1] AndroidManifest.xml:21:5-23:63
MERGED from [com.android.support:support-media-compat:25.3.1] AndroidManifest.xml:21:5-23:63
MERGED from [com.android.support:support-core-utils:25.3.1] AndroidManifest.xml:21:5-23:61
MERGED from [com.android.support:support-core-utils:25.3.1] AndroidManifest.xml:21:5-23:61
MERGED from [com.android.support:support-core-ui:25.3.1] AndroidManifest.xml:21:5-23:58
MERGED from [com.android.support:support-core-ui:25.3.1] AndroidManifest.xml:21:5-23:58
MERGED from [com.android.support:support-compat:25.3.1] AndroidManifest.xml:21:5-23:58
MERGED from [com.android.support:support-compat:25.3.1] AndroidManifest.xml:21:5-23:58
INJECTED from src/main/AndroidManifest.xml
INJECTED from src/main/AndroidManifest.xml
	tools:overrideLibrary
		ADDED from [com.android.support:design:25.3.1] AndroidManifest.xml:23:9-59
	android:targetSdkVersion
		INJECTED from src/main/AndroidManifest.xml
		ADDED from src/main/AndroidManifest.xml
		INJECTED from src/main/AndroidManifest.xml
	android:minSdkVersion
		INJECTED from src/main/AndroidManifest.xml
		ADDED from src/main/AndroidManifest.xml
		INJECTED from src/main/AndroidManifest.xml
meta-data#android.support.VERSION
ADDED from [com.android.support:design:25.3.1] AndroidManifest.xml:25:5-27:34
MERGED from [com.android.support:appcompat-v7:25.3.1] AndroidManifest.xml:25:5-27:34
MERGED from [com.android.support:appcompat-v7:25.3.1] AndroidManifest.xml:25:5-27:34
MERGED from [com.android.support:animated-vector-drawable:25.3.1] AndroidManifest.xml:22:5-24:34
MERGED from [com.android.support:animated-vector-drawable:25.3.1] AndroidManifest.xml:22:5-24:34
MERGED from [com.android.support:support-vector-drawable:25.3.1] AndroidManifest.xml:22:5-24:34
MERGED from [com.android.support:support-vector-drawable:25.3.1] AndroidManifest.xml:22:5-24:34
MERGED from [com.android.support:recyclerview-v7:25.3.1] AndroidManifest.xml:22:5-24:34
MERGED from [com.android.support:recyclerview-v7:25.3.1] AndroidManifest.xml:22:5-24:34
MERGED from [com.android.support:transition:25.3.1] AndroidManifest.xml:22:5-24:34
MERGED from [com.android.support:transition:25.3.1] AndroidManifest.xml:22:5-24:34
MERGED from [com.android.support:support-v4:25.3.1] AndroidManifest.xml:25:5-27:34
MERGED from [com.android.support:support-v4:25.3.1] AndroidManifest.xml:25:5-27:34
MERGED from [com.android.support:support-fragment:25.3.1] AndroidManifest.xml:25:5-27:34
MERGED from [com.android.support:support-fragment:25.3.1] AndroidManifest.xml:25:5-27:34
MERGED from [com.android.support:support-media-compat:25.3.1] AndroidManifest.xml:25:5-27:34
MERGED from [com.android.support:support-media-compat:25.3.1] AndroidManifest.xml:25:5-27:34
MERGED from [com.android.support:support-core-utils:25.3.1] AndroidManifest.xml:25:5-27:34
MERGED from [com.android.support:support-core-utils:25.3.1] AndroidManifest.xml:25:5-27:34
MERGED from [com.android.support:support-core-ui:25.3.1] AndroidManifest.xml:25:5-27:34
MERGED from [com.android.support:support-core-ui:25.3.1] AndroidManifest.xml:25:5-27:34
MERGED from [com.android.support:support-compat:25.3.1] AndroidManifest.xml:25:5-27:34
MERGED from [com.android.support:support-compat:25.3.1] AndroidManifest.xml:25:5-27:34
	android:value
		ADDED from [com.android.support:design:25.3.1] AndroidManifest.xml:27:9-31
	android:name
		ADDED from [com.android.support:design:25.3.1] AndroidManifest.xml:26:9-47
uses-permission#android.permission.CAMERA
ADDED from [com.journeyapps:zxing-android-embedded:3.2.0] AndroidManifest.xml:21:5-65
	android:name
		ADDED from [com.journeyapps:zxing-android-embedded:3.2.0] AndroidManifest.xml:21:22-62
uses-feature#android.hardware.camera
ADDED from [com.journeyapps:zxing-android-embedded:3.2.0] AndroidManifest.xml:24:5-26:36
	android:required
		ADDED from [com.journeyapps:zxing-android-embedded:3.2.0] AndroidManifest.xml:26:9-33
	android:name
		ADDED from [com.journeyapps:zxing-android-embedded:3.2.0] AndroidManifest.xml:25:9-47
uses-feature#android.hardware.camera.front
ADDED from [com.journeyapps:zxing-android-embedded:3.2.0] AndroidManifest.xml:27:5-29:36
	android:required
		ADDED from [com.journeyapps:zxing-android-embedded:3.2.0] AndroidManifest.xml:29:9-33
	android:name
		ADDED from [com.journeyapps:zxing-android-embedded:3.2.0] AndroidManifest.xml:28:9-53
uses-feature#android.hardware.camera.autofocus
ADDED from [com.journeyapps:zxing-android-embedded:3.2.0] AndroidManifest.xml:32:5-34:36
	android:required
		ADDED from [com.journeyapps:zxing-android-embedded:3.2.0] AndroidManifest.xml:34:9-33
	android:name
		ADDED from [com.journeyapps:zxing-android-embedded:3.2.0] AndroidManifest.xml:33:9-57
uses-feature#android.hardware.camera.flash
ADDED from [com.journeyapps:zxing-android-embedded:3.2.0] AndroidManifest.xml:35:5-37:36
	android:required
		ADDED from [com.journeyapps:zxing-android-embedded:3.2.0] AndroidManifest.xml:37:9-33
	android:name
		ADDED from [com.journeyapps:zxing-android-embedded:3.2.0] AndroidManifest.xml:36:9-53
uses-feature#android.hardware.screen.landscape
ADDED from [com.journeyapps:zxing-android-embedded:3.2.0] AndroidManifest.xml:38:5-40:36
	android:required
		ADDED from [com.journeyapps:zxing-android-embedded:3.2.0] AndroidManifest.xml:40:9-33
	android:name
		ADDED from [com.journeyapps:zxing-android-embedded:3.2.0] AndroidManifest.xml:39:9-57
uses-feature#android.hardware.wifi
ADDED from [com.journeyapps:zxing-android-embedded:3.2.0] AndroidManifest.xml:41:5-43:36
	android:required
		ADDED from [com.journeyapps:zxing-android-embedded:3.2.0] AndroidManifest.xml:43:9-33
	android:name
		ADDED from [com.journeyapps:zxing-android-embedded:3.2.0] AndroidManifest.xml:42:9-45
activity#com.journeyapps.barcodescanner.CaptureActivity
ADDED from [com.journeyapps:zxing-android-embedded:3.2.0] AndroidManifest.xml:46:9-52:63
	android:screenOrientation
		ADDED from [com.journeyapps:zxing-android-embedded:3.2.0] AndroidManifest.xml:49:13-56
	android:clearTaskOnLaunch
		ADDED from [com.journeyapps:zxing-android-embedded:3.2.0] AndroidManifest.xml:48:13-45
	android:stateNotNeeded
		ADDED from [com.journeyapps:zxing-android-embedded:3.2.0] AndroidManifest.xml:50:13-42
	android:windowSoftInputMode
		ADDED from [com.journeyapps:zxing-android-embedded:3.2.0] AndroidManifest.xml:52:13-60
	android:theme
		ADDED from [com.journeyapps:zxing-android-embedded:3.2.0] AndroidManifest.xml:51:13-54
	android:name
		ADDED from [com.journeyapps:zxing-android-embedded:3.2.0] AndroidManifest.xml:47:13-74